<?xml version="1.0" encoding="UTF-8"?>
<testsuite xmlns:xsi="http://www.w3.org/2001/XMLSchema-instance" xsi:noNamespaceSchemaLocation="https://maven.apache.org/surefire/maven-surefire-plugin/xsd/surefire-test-report.xsd" name="de.conciso.starter.GreeterServiceTest" time="0.122" tests="7" errors="0" skipped="0" failures="0">
  <properties>
[...]
</properties>
  <testcase name="when_calling_greet_result_is_Hello_Georg" classname="de.conciso.starter.GreeterServiceTest" time="0.095"/>
  <testcase name="then_result_contains_Hello" classname="de.conciso.starter.GreeterServiceTest$Given_name_is_null$When_calling_greet" time="0.002"/>
  <testcase name="then_result_contains_Hello" classname="de.conciso.starter.GreeterServiceTest$Given_name_is_Georg$When_calling_greet" time="0.001"/>
  <testcase name="then_result_is_Hello_null" classname="de.conciso.starter.GreeterServiceTest$Given_name_is_null$When_calling_greet" time="0.002"/>
  <testcase name="then_result_is_not_null" classname="de.conciso.starter.GreeterServiceTest$Given_name_is_null$When_calling_greet" time="0.001"/>
  <testcase name="then_result_is_not_null" classname="de.conciso.starter.GreeterServiceTest$Given_name_is_Georg$When_calling_greet" time="0.001"/>
  <testcase name="then_result_is_Hello_Georg" classname="de.conciso.starter.GreeterServiceTest$Given_name_is_Georg$When_calling_greet" time="0.001"/>
</testsuite>