<?xml version="1.0" encoding="UTF-8"?>
<testsuite xmlns:xsi="http://www.w3.org/2001/XMLSchema-instance" xsi:noNamespaceSchemaLocation="https://maven.apache.org/surefire/maven-surefire-plugin/xsd/surefire-test-report.xsd" name="de.conciso.shop.ShopControllerTest" time="1.058" tests="4" errors="0" skipped="0" failures="0">
  <properties>
[...]
</properties>
  <testcase name="given_create_Person_throws_exception" classname="de.conciso.shop.ShopControllerTest" time="0.575"/>
  <testcase name="given_Person_can_be_found_when_calling_findById" classname="de.conciso.shop.ShopControllerTest" time="0.01"/>
  <testcase name="given_find_Person_throws_exception" classname="de.conciso.shop.ShopControllerTest" time="0.013"/>
  <testcase name="given_Person_can_be_created_when_calling_create" classname="de.conciso.shop.ShopControllerTest" time="0"/>
</testsuite>